<?xml version="1.0" encoding="UTF-8"?>
<testsuite name="com.memoryseal.memorysealbackend.MemorySealBackendApplicationTests" tests="1" skipped="0" failures="0" errors="0" timestamp="2025-03-17T10:23:52" hostname="jomingyeong-ui-MacBookPro-2.local" time="0.307">
  <properties/>
  <testcase name="contextLoads()" classname="com.memoryseal.memorysealbackend.MemorySealBackendApplicationTests" time="0.307"/>
  <system-out><![CDATA[19:23:50.586 [Test worker] INFO org.springframework.test.context.support.AnnotationConfigContextLoaderUtils -- Could not detect default configuration classes for test class [com.memoryseal.memorysealbackend.MemorySealBackendApplicationTests]: MemorySealBackendApplicationTests does not declare any static, non-private, non-final, nested classes annotated with @Configuration.
19:23:50.634 [Test worker] INFO org.springframework.boot.test.context.SpringBootTestContextBootstrapper -- Found @SpringBootConfiguration com.memoryseal.memorysealbackend.MemorySealBackendApplication for test class com.memoryseal.memorysealbackend.MemorySealBackendApplicationTests

  .   ____          _            __ _ _
 /\\ / ___'_ __ _ _(_)_ __  __ _ \ \ \ \
( ( )\___ | '_ | '_| | '_ \/ _` | \ \ \ \
 \\/  ___)| |_)| | | | | || (_| |  ) ) ) )
  '  |____| .__|_| |_|_| |_\__, | / / / /
 =========|_|==============|___/=/_/_/_/

 :: Spring Boot ::                (v3.4.3)

2025-03-17T19:23:50.836+09:00  INFO 26776 --- [    Test worker] c.m.m.MemorySealBackendApplicationTests  : Starting MemorySealBackendApplicationTests using Java 17.0.14 with PID 26776 (started by jominkyeong in /Users/jominkyeong/Desktop/all/projects/memory-seal-backend)
2025-03-17T19:23:50.837+09:00  INFO 26776 --- [    Test worker] c.m.m.MemorySealBackendApplicationTests  : No active profile set, falling back to 1 default profile: "default"
2025-03-17T19:23:51.124+09:00  INFO 26776 --- [    Test worker] .s.d.r.c.RepositoryConfigurationDelegate : Bootstrapping Spring Data JPA repositories in DEFAULT mode.
2025-03-17T19:23:51.149+09:00  INFO 26776 --- [    Test worker] .s.d.r.c.RepositoryConfigurationDelegate : Finished Spring Data repository scanning in 21 ms. Found 1 JPA repository interface.
2025-03-17T19:23:51.350+09:00  INFO 26776 --- [    Test worker] o.hibernate.jpa.internal.util.LogHelper  : HHH000204: Processing PersistenceUnitInfo [name: default]
2025-03-17T19:23:51.369+09:00  INFO 26776 --- [    Test worker] org.hibernate.Version                    : HHH000412: Hibernate ORM core version 6.6.8.Final
2025-03-17T19:23:51.384+09:00  INFO 26776 --- [    Test worker] o.h.c.internal.RegionFactoryInitiator    : HHH000026: Second-level cache disabled
2025-03-17T19:23:51.501+09:00  INFO 26776 --- [    Test worker] o.s.o.j.p.SpringPersistenceUnitInfo      : No LoadTimeWeaver setup: ignoring JPA class transformer
2025-03-17T19:23:51.516+09:00  INFO 26776 --- [    Test worker] com.zaxxer.hikari.HikariDataSource       : HikariPool-1 - Starting...
2025-03-17T19:23:51.693+09:00  INFO 26776 --- [    Test worker] com.zaxxer.hikari.pool.HikariPool        : HikariPool-1 - Added connection com.mysql.cj.jdbc.ConnectionImpl@1b632442
2025-03-17T19:23:51.694+09:00  INFO 26776 --- [    Test worker] com.zaxxer.hikari.HikariDataSource       : HikariPool-1 - Start completed.
2025-03-17T19:23:51.742+09:00  INFO 26776 --- [    Test worker] org.hibernate.orm.connections.pooling    : HHH10001005: Database info:
	Database JDBC URL [Connecting through datasource 'HikariDataSource (HikariPool-1)']
	Database driver: undefined/unknown
	Database version: 9.1
	Autocommit mode: undefined/unknown
	Isolation level: undefined/unknown
	Minimum pool size: undefined/unknown
	Maximum pool size: undefined/unknown
2025-03-17T19:23:52.145+09:00  INFO 26776 --- [    Test worker] o.h.e.t.j.p.i.JtaPlatformInitiator       : HHH000489: No JTA platform available (set 'hibernate.transaction.jta.platform' to enable JTA platform integration)
2025-03-17T19:23:52.199+09:00  INFO 26776 --- [    Test worker] j.LocalContainerEntityManagerFactoryBean : Initialized JPA EntityManagerFactory for persistence unit 'default'
2025-03-17T19:23:52.364+09:00  WARN 26776 --- [    Test worker] JpaBaseConfiguration$JpaWebConfiguration : spring.jpa.open-in-view is enabled by default. Therefore, database queries may be performed during view rendering. Explicitly configure spring.jpa.open-in-view to disable this warning
2025-03-17T19:23:52.527+09:00  WARN 26776 --- [    Test worker] .s.s.UserDetailsServiceAutoConfiguration : 

Using generated security password: 49ef810a-f3db-4aba-ae5a-3ed884bdeff7

This generated password is for development use only. Your security configuration must be updated before running your application in production.

2025-03-17T19:23:52.534+09:00  INFO 26776 --- [    Test worker] r$InitializeUserDetailsManagerConfigurer : Global AuthenticationManager configured with UserDetailsService bean with name inMemoryUserDetailsManager
2025-03-17T19:23:52.611+09:00  INFO 26776 --- [    Test worker] c.m.m.MemorySealBackendApplicationTests  : Started MemorySealBackendApplicationTests in 1.909 seconds (process running for 2.418)
]]></system-out>
  <system-err><![CDATA[]]></system-err>
</testsuite>
